<?xml version="1.0" encoding="UTF-8"?>
<!-- Generated by org.testng.reporters.JUnitReportReporter -->
<testsuite hostname="NPGNYC02GG39VDRJM.local" name="org.mongeez.reader.FormattedJavascriptChangeSetReaderTest" tests="7" failures="0" timestamp="10 Apr 2015 15:45:34 GMT" time="0.232" errors="0">
  <testcase name="testGetChangeSetsNoHeader" time="0.006" classname="org.mongeez.reader.FormattedJavascriptChangeSetReaderTest"/>
  <testcase name="testGetChangeSetsEmptyScript" time="0.012" classname="org.mongeez.reader.FormattedJavascriptChangeSetReaderTest"/>
  <testcase name="testGetChangeSets2" time="0.001" classname="org.mongeez.reader.FormattedJavascriptChangeSetReaderTest"/>
  <testcase name="testGetChangeSetsWrongEncoding" time="0.001" classname="org.mongeez.reader.FormattedJavascriptChangeSetReaderTest"/>
  <testcase name="testGetChangeSetsAlternateEncoding" time="0.003" classname="org.mongeez.reader.FormattedJavascriptChangeSetReaderTest"/>
  <testcase name="testGetChangeSetsIOFailure" time="0.009" classname="org.mongeez.reader.FormattedJavascriptChangeSetReaderTest"/>
  <testcase name="testGetChangeSets1" time="0.200" classname="org.mongeez.reader.FormattedJavascriptChangeSetReaderTest"/>
</testsuite> <!-- org.mongeez.reader.FormattedJavascriptChangeSetReaderTest -->
