<?xml version="1.0" encoding="UTF-8"?>
<!-- Generated by org.testng.reporters.JUnitReportReporter -->
<testsuite hostname="NPGNYC02GG39VDRJM.local" name="org.mongeez.MongeezTest" tests="11" failures="0" timestamp="10 Apr 2015 15:45:34 GMT" time="55.624" errors="0">
  <testcase name="testNoFailureOnNoChangeFilesBlock" time="3.744" classname="org.mongeez.MongeezTest"/>
  <testcase name="testFailDuplicateIds" time="3.504" classname="org.mongeez.MongeezTest"/>
  <testcase name="testChangesWContextContextSetToOrganizations" time="2.346" classname="org.mongeez.MongeezTest"/>
  <testcase name="testRunTwice" time="4.043" classname="org.mongeez.MongeezTest"/>
  <testcase name="testMongeez" time="3.274" classname="org.mongeez.MongeezTest"/>
  <testcase name="testChangesWContextContextSetToUsers" time="5.310" classname="org.mongeez.MongeezTest"/>
  <testcase name="testFailOnError_True" time="6.761" classname="org.mongeez.MongeezTest"/>
  <testcase name="testChangesWContextContextNotSet" time="12.959" classname="org.mongeez.MongeezTest"/>
  <testcase name="testNoFiles" time="3.640" classname="org.mongeez.MongeezTest"/>
  <testcase name="testNoFailureOnEmptyChangeLog" time="8.276" classname="org.mongeez.MongeezTest"/>
  <testcase name="testFailOnError_False" time="1.767" classname="org.mongeez.MongeezTest"/>
</testsuite> <!-- org.mongeez.MongeezTest -->
